<?xml version="1.0" encoding="UTF-8"?>
<testsuite xmlns:xsi="http://www.w3.org/2001/XMLSchema-instance" xsi:noNamespaceSchemaLocation="https://maven.apache.org/surefire/maven-surefire-plugin/xsd/surefire-test-report-3.0.xsd" version="3.0" name="ru.alfastrah.embedi.tick.dao.repos.ClasspathTest" time="0.003" tests="1" errors="0" skipped="0" failures="0">
  <properties>
    <property name="java.specification.version" value="21"/>
    <property name="sun.jnu.encoding" value="UTF-8"/>
    <property name="java.class.path" value="/home/sergei/workspace/embedi/target/test-classes:/home/sergei/workspace/embedi/target/classes:/home/sergei/.m2/repository/org/springframework/boot/spring-boot-starter-actuator/3.3.1/spring-boot-starter-actuator-3.3.1.jar:/home/sergei/.m2/repository/org/springframework/boot/spring-boot-starter/3.3.1/spring-boot-starter-3.3.1.jar:/home/sergei/.m2/repository/org/springframework/boot/spring-boot/3.3.1/spring-boot-3.3.1.jar:/home/sergei/.m2/repository/org/springframework/boot/spring-boot-starter-logging/3.3.1/spring-boot-starter-logging-3.3.1.jar:/home/sergei/.m2/repository/ch/qos/logback/logback-classic/1.5.6/logback-classic-1.5.6.jar:/home/sergei/.m2/repository/ch/qos/logback/logback-core/1.5.6/logback-core-1.5.6.jar:/home/sergei/.m2/repository/org/apache/logging/log4j/log4j-to-slf4j/2.23.1/log4j-to-slf4j-2.23.1.jar:/home/sergei/.m2/repository/org/apache/logging/log4j/log4j-api/2.23.1/log4j-api-2.23.1.jar:/home/sergei/.m2/repository/org/slf4j/jul-to-slf4j/2.0.13/jul-to-slf4j-2.0.13.jar:/home/sergei/.m2/repository/jakarta/annotation/jakarta.annotation-api/2.1.1/jakarta.annotation-api-2.1.1.jar:/home/sergei/.m2/repository/org/yaml/snakeyaml/2.2/snakeyaml-2.2.jar:/home/sergei/.m2/repository/org/springframework/boot/spring-boot-actuator-autoconfigure/3.3.1/spring-boot-actuator-autoconfigure-3.3.1.jar:/home/sergei/.m2/repository/com/fasterxml/jackson/core/jackson-databind/2.17.1/jackson-databind-2.17.1.jar:/home/sergei/.m2/repository/com/fasterxml/jackson/datatype/jackson-datatype-jsr310/2.17.1/jackson-datatype-jsr310-2.17.1.jar:/home/sergei/.m2/repository/io/micrometer/micrometer-observation/1.13.1/micrometer-observation-1.13.1.jar:/home/sergei/.m2/repository/io/micrometer/micrometer-commons/1.13.1/micrometer-commons-1.13.1.jar:/home/sergei/.m2/repository/io/micrometer/micrometer-jakarta9/1.13.1/micrometer-jakarta9-1.13.1.jar:/home/sergei/.m2/repository/io/micrometer/micrometer-core/1.13.1/micrometer-core-1.13.1.jar:/home/sergei/.m2/repository/org/hdrhistogram/HdrHistogram/2.2.2/HdrHistogram-2.2.2.jar:/home/sergei/.m2/repository/org/latencyutils/LatencyUtils/2.0.3/LatencyUtils-2.0.3.jar:/home/sergei/.m2/repository/org/springframework/boot/spring-boot-starter-data-r2dbc/3.3.1/spring-boot-starter-data-r2dbc-3.3.1.jar:/home/sergei/.m2/repository/org/springframework/data/spring-data-r2dbc/3.3.1/spring-data-r2dbc-3.3.1.jar:/home/sergei/.m2/repository/org/springframework/data/spring-data-relational/3.3.1/spring-data-relational-3.3.1.jar:/home/sergei/.m2/repository/org/springframework/data/spring-data-commons/3.3.1/spring-data-commons-3.3.1.jar:/home/sergei/.m2/repository/org/springframework/spring-tx/6.1.10/spring-tx-6.1.10.jar:/home/sergei/.m2/repository/org/springframework/spring-context/6.1.10/spring-context-6.1.10.jar:/home/sergei/.m2/repository/org/springframework/spring-beans/6.1.10/spring-beans-6.1.10.jar:/home/sergei/.m2/repository/org/springframework/spring-jdbc/6.1.10/spring-jdbc-6.1.10.jar:/home/sergei/.m2/repository/org/springframework/spring-r2dbc/6.1.10/spring-r2dbc-6.1.10.jar:/home/sergei/.m2/repository/io/r2dbc/r2dbc-spi/1.0.0.RELEASE/r2dbc-spi-1.0.0.RELEASE.jar:/home/sergei/.m2/repository/org/reactivestreams/reactive-streams/1.0.4/reactive-streams-1.0.4.jar:/home/sergei/.m2/repository/io/r2dbc/r2dbc-pool/1.0.1.RELEASE/r2dbc-pool-1.0.1.RELEASE.jar:/home/sergei/.m2/repository/io/projectreactor/addons/reactor-pool/1.0.6/reactor-pool-1.0.6.jar:/home/sergei/.m2/repository/org/springframework/boot/spring-boot-starter-oauth2-client/3.3.1/spring-boot-starter-oauth2-client-3.3.1.jar:/home/sergei/.m2/repository/org/springframework/security/spring-security-config/6.3.1/spring-security-config-6.3.1.jar:/home/sergei/.m2/repository/org/springframework/security/spring-security-core/6.3.1/spring-security-core-6.3.1.jar:/home/sergei/.m2/repository/org/springframework/security/spring-security-crypto/6.3.1/spring-security-crypto-6.3.1.jar:/home/sergei/.m2/repository/org/springframework/spring-expression/6.1.10/spring-expression-6.1.10.jar:/home/sergei/.m2/repository/org/springframework/security/spring-security-oauth2-client/6.3.1/spring-security-oauth2-client-6.3.1.jar:/home/sergei/.m2/repository/org/springframework/security/spring-security-oauth2-core/6.3.1/spring-security-oauth2-core-6.3.1.jar:/home/sergei/.m2/repository/com/nimbusds/oauth2-oidc-sdk/9.43.4/oauth2-oidc-sdk-9.43.4.jar:/home/sergei/.m2/repository/com/github/stephenc/jcip/jcip-annotations/1.0-1/jcip-annotations-1.0-1.jar:/home/sergei/.m2/repository/com/nimbusds/content-type/2.2/content-type-2.2.jar:/home/sergei/.m2/repository/com/nimbusds/lang-tag/1.7/lang-tag-1.7.jar:/home/sergei/.m2/repository/org/springframework/security/spring-security-oauth2-jose/6.3.1/spring-security-oauth2-jose-6.3.1.jar:/home/sergei/.m2/repository/com/nimbusds/nimbus-jose-jwt/9.37.3/nimbus-jose-jwt-9.37.3.jar:/home/sergei/.m2/repository/org/springframework/boot/spring-boot-starter-oauth2-resource-server/3.3.1/spring-boot-starter-oauth2-resource-server-3.3.1.jar:/home/sergei/.m2/repository/org/springframework/security/spring-security-oauth2-resource-server/6.3.1/spring-security-oauth2-resource-server-6.3.1.jar:/home/sergei/.m2/repository/org/springframework/boot/spring-boot-starter-security/3.3.1/spring-boot-starter-security-3.3.1.jar:/home/sergei/.m2/repository/org/springframework/spring-aop/6.1.10/spring-aop-6.1.10.jar:/home/sergei/.m2/repository/org/springframework/security/spring-security-web/6.3.1/spring-security-web-6.3.1.jar:/home/sergei/.m2/repository/org/springframework/boot/spring-boot-starter-webflux/3.3.1/spring-boot-starter-webflux-3.3.1.jar:/home/sergei/.m2/repository/org/springframework/boot/spring-boot-starter-json/3.3.1/spring-boot-starter-json-3.3.1.jar:/home/sergei/.m2/repository/com/fasterxml/jackson/datatype/jackson-datatype-jdk8/2.17.1/jackson-datatype-jdk8-2.17.1.jar:/home/sergei/.m2/repository/com/fasterxml/jackson/module/jackson-module-parameter-names/2.17.1/jackson-module-parameter-names-2.17.1.jar:/home/sergei/.m2/repository/org/springframework/boot/spring-boot-starter-reactor-netty/3.3.1/spring-boot-starter-reactor-netty-3.3.1.jar:/home/sergei/.m2/repository/io/projectreactor/netty/reactor-netty-http/1.1.20/reactor-netty-http-1.1.20.jar:/home/sergei/.m2/repository/io/netty/netty-codec-http/4.1.111.Final/netty-codec-http-4.1.111.Final.jar:/home/sergei/.m2/repository/io/netty/netty-codec-http2/4.1.111.Final/netty-codec-http2-4.1.111.Final.jar:/home/sergei/.m2/repository/org/springframework/spring-web/6.1.10/spring-web-6.1.10.jar:/home/sergei/.m2/repository/org/springframework/spring-webflux/6.1.10/spring-webflux-6.1.10.jar:/home/sergei/.m2/repository/org/springframework/modulith/spring-modulith-starter-core/1.2.1/spring-modulith-starter-core-1.2.1.jar:/home/sergei/.m2/repository/org/springframework/modulith/spring-modulith-api/1.2.1/spring-modulith-api-1.2.1.jar:/home/sergei/.m2/repository/org/springframework/modulith/spring-modulith-core/1.2.1/spring-modulith-core-1.2.1.jar:/home/sergei/.m2/repository/com/tngtech/archunit/archunit/1.3.0/archunit-1.3.0.jar:/home/sergei/.m2/repository/org/springframework/modulith/spring-modulith-moments/1.2.1/spring-modulith-moments-1.2.1.jar:/home/sergei/.m2/repository/org/jmolecules/jmolecules-events/1.9.0/jmolecules-events-1.9.0.jar:/home/sergei/.m2/repository/org/springdoc/springdoc-openapi-starter-webflux-api/2.6.0/springdoc-openapi-starter-webflux-api-2.6.0.jar:/home/sergei/.m2/repository/org/springdoc/springdoc-openapi-starter-common/2.6.0/springdoc-openapi-starter-common-2.6.0.jar:/home/sergei/.m2/repository/io/swagger/core/v3/swagger-core-jakarta/2.2.22/swagger-core-jakarta-2.2.22.jar:/home/sergei/.m2/repository/org/apache/commons/commons-lang3/3.14.0/commons-lang3-3.14.0.jar:/home/sergei/.m2/repository/io/swagger/core/v3/swagger-annotations-jakarta/2.2.22/swagger-annotations-jakarta-2.2.22.jar:/home/sergei/.m2/repository/io/swagger/core/v3/swagger-models-jakarta/2.2.22/swagger-models-jakarta-2.2.22.jar:/home/sergei/.m2/repository/com/fasterxml/jackson/dataformat/jackson-dataformat-yaml/2.17.1/jackson-dataformat-yaml-2.17.1.jar:/home/sergei/.m2/repository/org/springdoc/springdoc-openapi-starter-webflux-ui/2.6.0/springdoc-openapi-starter-webflux-ui-2.6.0.jar:/home/sergei/.m2/repository/org/webjars/swagger-ui/5.17.14/swagger-ui-5.17.14.jar:/home/sergei/.m2/repository/org/springframework/boot/spring-boot-starter-validation/3.3.1/spring-boot-starter-validation-3.3.1.jar:/home/sergei/.m2/repository/org/apache/tomcat/embed/tomcat-embed-el/10.1.25/tomcat-embed-el-10.1.25.jar:/home/sergei/.m2/repository/org/hibernate/validator/hibernate-validator/8.0.1.Final/hibernate-validator-8.0.1.Final.jar:/home/sergei/.m2/repository/jakarta/validation/jakarta.validation-api/3.0.2/jakarta.validation-api-3.0.2.jar:/home/sergei/.m2/repository/org/jboss/logging/jboss-logging/3.5.3.Final/jboss-logging-3.5.3.Final.jar:/home/sergei/.m2/repository/com/fasterxml/classmate/1.7.0/classmate-1.7.0.jar:/home/sergei/.m2/repository/org/flywaydb/flyway-core/10.16.0/flyway-core-10.16.0.jar:/home/sergei/.m2/repository/com/fasterxml/jackson/dataformat/jackson-dataformat-toml/2.17.1/jackson-dataformat-toml-2.17.1.jar:/home/sergei/.m2/repository/com/fasterxml/jackson/core/jackson-core/2.17.1/jackson-core-2.17.1.jar:/home/sergei/.m2/repository/com/google/code/gson/gson/2.10.1/gson-2.10.1.jar:/home/sergei/.m2/repository/org/flywaydb/flyway-database-postgresql/10.8.1/flyway-database-postgresql-10.8.1.jar:/home/sergei/.m2/repository/org/postgresql/postgresql/42.7.3/postgresql-42.7.3.jar:/home/sergei/.m2/repository/org/checkerframework/checker-qual/3.42.0/checker-qual-3.42.0.jar:/home/sergei/.m2/repository/org/postgresql/r2dbc-postgresql/1.0.5.RELEASE/r2dbc-postgresql-1.0.5.RELEASE.jar:/home/sergei/.m2/repository/com/ongres/scram/client/2.1/client-2.1.jar:/home/sergei/.m2/repository/com/ongres/scram/common/2.1/common-2.1.jar:/home/sergei/.m2/repository/com/ongres/stringprep/saslprep/1.1/saslprep-1.1.jar:/home/sergei/.m2/repository/com/ongres/stringprep/stringprep/1.1/stringprep-1.1.jar:/home/sergei/.m2/repository/io/projectreactor/reactor-core/3.6.7/reactor-core-3.6.7.jar:/home/sergei/.m2/repository/io/projectreactor/netty/reactor-netty-core/1.1.20/reactor-netty-core-1.1.20.jar:/home/sergei/.m2/repository/io/netty/netty-handler/4.1.111.Final/netty-handler-4.1.111.Final.jar:/home/sergei/.m2/repository/io/netty/netty-common/4.1.111.Final/netty-common-4.1.111.Final.jar:/home/sergei/.m2/repository/io/netty/netty-resolver/4.1.111.Final/netty-resolver-4.1.111.Final.jar:/home/sergei/.m2/repository/io/netty/netty-buffer/4.1.111.Final/netty-buffer-4.1.111.Final.jar:/home/sergei/.m2/repository/io/netty/netty-transport/4.1.111.Final/netty-transport-4.1.111.Final.jar:/home/sergei/.m2/repository/io/netty/netty-transport-native-unix-common/4.1.111.Final/netty-transport-native-unix-common-4.1.111.Final.jar:/home/sergei/.m2/repository/io/netty/netty-codec/4.1.111.Final/netty-codec-4.1.111.Final.jar:/home/sergei/.m2/repository/io/netty/netty-handler-proxy/4.1.111.Final/netty-handler-proxy-4.1.111.Final.jar:/home/sergei/.m2/repository/io/netty/netty-codec-socks/4.1.111.Final/netty-codec-socks-4.1.111.Final.jar:/home/sergei/.m2/repository/io/netty/netty-resolver-dns/4.1.111.Final/netty-resolver-dns-4.1.111.Final.jar:/home/sergei/.m2/repository/io/netty/netty-codec-dns/4.1.111.Final/netty-codec-dns-4.1.111.Final.jar:/home/sergei/.m2/repository/io/netty/netty-resolver-dns-native-macos/4.1.111.Final/netty-resolver-dns-native-macos-4.1.111.Final-osx-x86_64.jar:/home/sergei/.m2/repository/io/netty/netty-resolver-dns-classes-macos/4.1.111.Final/netty-resolver-dns-classes-macos-4.1.111.Final.jar:/home/sergei/.m2/repository/io/netty/netty-transport-native-epoll/4.1.111.Final/netty-transport-native-epoll-4.1.111.Final-linux-x86_64.jar:/home/sergei/.m2/repository/io/netty/netty-transport-classes-epoll/4.1.111.Final/netty-transport-classes-epoll-4.1.111.Final.jar:/home/sergei/.m2/repository/org/springframework/modulith/spring-modulith-actuator/1.2.1/spring-modulith-actuator-1.2.1.jar:/home/sergei/.m2/repository/org/springframework/modulith/spring-modulith-runtime/1.2.1/spring-modulith-runtime-1.2.1.jar:/home/sergei/.m2/repository/org/jgrapht/jgrapht-core/1.4.0/jgrapht-core-1.4.0.jar:/home/sergei/.m2/repository/org/jheaps/jheaps/0.11/jheaps-0.11.jar:/home/sergei/.m2/repository/org/springframework/boot/spring-boot-actuator/3.3.1/spring-boot-actuator-3.3.1.jar:/home/sergei/.m2/repository/org/springframework/boot/spring-boot-autoconfigure/3.3.1/spring-boot-autoconfigure-3.3.1.jar:/home/sergei/.m2/repository/org/springframework/modulith/spring-modulith-observability/1.2.1/spring-modulith-observability-1.2.1.jar:/home/sergei/.m2/repository/io/micrometer/micrometer-tracing/1.3.1/micrometer-tracing-1.3.1.jar:/home/sergei/.m2/repository/io/micrometer/context-propagation/1.1.1/context-propagation-1.1.1.jar:/home/sergei/.m2/repository/aopalliance/aopalliance/1.0/aopalliance-1.0.jar:/home/sergei/.m2/repository/org/springframework/boot/spring-boot-starter-test/3.3.1/spring-boot-starter-test-3.3.1.jar:/home/sergei/.m2/repository/org/springframework/boot/spring-boot-test/3.3.1/spring-boot-test-3.3.1.jar:/home/sergei/.m2/repository/org/springframework/boot/spring-boot-test-autoconfigure/3.3.1/spring-boot-test-autoconfigure-3.3.1.jar:/home/sergei/.m2/repository/com/jayway/jsonpath/json-path/2.9.0/json-path-2.9.0.jar:/home/sergei/.m2/repository/jakarta/xml/bind/jakarta.xml.bind-api/4.0.2/jakarta.xml.bind-api-4.0.2.jar:/home/sergei/.m2/repository/jakarta/activation/jakarta.activation-api/2.1.3/jakarta.activation-api-2.1.3.jar:/home/sergei/.m2/repository/net/minidev/json-smart/2.5.1/json-smart-2.5.1.jar:/home/sergei/.m2/repository/net/minidev/accessors-smart/2.5.1/accessors-smart-2.5.1.jar:/home/sergei/.m2/repository/org/ow2/asm/asm/9.6/asm-9.6.jar:/home/sergei/.m2/repository/org/assertj/assertj-core/3.25.3/assertj-core-3.25.3.jar:/home/sergei/.m2/repository/net/bytebuddy/byte-buddy/1.14.17/byte-buddy-1.14.17.jar:/home/sergei/.m2/repository/org/awaitility/awaitility/4.2.1/awaitility-4.2.1.jar:/home/sergei/.m2/repository/org/hamcrest/hamcrest/2.2/hamcrest-2.2.jar:/home/sergei/.m2/repository/org/junit/jupiter/junit-jupiter/5.10.2/junit-jupiter-5.10.2.jar:/home/sergei/.m2/repository/org/junit/jupiter/junit-jupiter-api/5.10.2/junit-jupiter-api-5.10.2.jar:/home/sergei/.m2/repository/org/opentest4j/opentest4j/1.3.0/opentest4j-1.3.0.jar:/home/sergei/.m2/repository/org/junit/platform/junit-platform-commons/1.10.2/junit-platform-commons-1.10.2.jar:/home/sergei/.m2/repository/org/apiguardian/apiguardian-api/1.1.2/apiguardian-api-1.1.2.jar:/home/sergei/.m2/repository/org/junit/jupiter/junit-jupiter-params/5.10.2/junit-jupiter-params-5.10.2.jar:/home/sergei/.m2/repository/org/junit/jupiter/junit-jupiter-engine/5.10.2/junit-jupiter-engine-5.10.2.jar:/home/sergei/.m2/repository/org/junit/platform/junit-platform-engine/1.10.2/junit-platform-engine-1.10.2.jar:/home/sergei/.m2/repository/org/mockito/mockito-core/5.11.0/mockito-core-5.11.0.jar:/home/sergei/.m2/repository/net/bytebuddy/byte-buddy-agent/1.14.17/byte-buddy-agent-1.14.17.jar:/home/sergei/.m2/repository/org/objenesis/objenesis/3.3/objenesis-3.3.jar:/home/sergei/.m2/repository/org/mockito/mockito-junit-jupiter/5.11.0/mockito-junit-jupiter-5.11.0.jar:/home/sergei/.m2/repository/org/skyscreamer/jsonassert/1.5.1/jsonassert-1.5.1.jar:/home/sergei/.m2/repository/com/vaadin/external/google/android-json/0.0.20131108.vaadin1/android-json-0.0.20131108.vaadin1.jar:/home/sergei/.m2/repository/org/springframework/spring-core/6.1.10/spring-core-6.1.10.jar:/home/sergei/.m2/repository/org/springframework/spring-jcl/6.1.10/spring-jcl-6.1.10.jar:/home/sergei/.m2/repository/org/springframework/spring-test/6.1.10/spring-test-6.1.10.jar:/home/sergei/.m2/repository/org/xmlunit/xmlunit-core/2.9.1/xmlunit-core-2.9.1.jar:/home/sergei/.m2/repository/io/projectreactor/reactor-test/3.6.7/reactor-test-3.6.7.jar:/home/sergei/.m2/repository/org/springframework/modulith/spring-modulith-starter-test/1.2.1/spring-modulith-starter-test-1.2.1.jar:/home/sergei/.m2/repository/org/springframework/modulith/spring-modulith-test/1.2.1/spring-modulith-test-1.2.1.jar:/home/sergei/.m2/repository/org/springframework/modulith/spring-modulith-docs/1.2.1/spring-modulith-docs-1.2.1.jar:/home/sergei/.m2/repository/com/structurizr/structurizr-core/1.29.0/structurizr-core-1.29.0.jar:/home/sergei/.m2/repository/com/google/code/findbugs/jsr305/3.0.2/jsr305-3.0.2.jar:/home/sergei/.m2/repository/commons-logging/commons-logging/1.2/commons-logging-1.2.jar:/home/sergei/.m2/repository/com/structurizr/structurizr-export/1.19.0/structurizr-export-1.19.0.jar:/home/sergei/.m2/repository/org/springframework/security/spring-security-test/6.3.1/spring-security-test-6.3.1.jar:/home/sergei/.m2/repository/org/testcontainers/testcontainers/1.20.0/testcontainers-1.20.0.jar:/home/sergei/.m2/repository/junit/junit/4.13.2/junit-4.13.2.jar:/home/sergei/.m2/repository/org/hamcrest/hamcrest-core/2.2/hamcrest-core-2.2.jar:/home/sergei/.m2/repository/org/slf4j/slf4j-api/2.0.13/slf4j-api-2.0.13.jar:/home/sergei/.m2/repository/org/apache/commons/commons-compress/1.24.0/commons-compress-1.24.0.jar:/home/sergei/.m2/repository/org/rnorth/duct-tape/duct-tape/1.0.8/duct-tape-1.0.8.jar:/home/sergei/.m2/repository/org/jetbrains/annotations/17.0.0/annotations-17.0.0.jar:/home/sergei/.m2/repository/com/github/docker-java/docker-java-api/3.4.0/docker-java-api-3.4.0.jar:/home/sergei/.m2/repository/com/fasterxml/jackson/core/jackson-annotations/2.17.1/jackson-annotations-2.17.1.jar:/home/sergei/.m2/repository/com/github/docker-java/docker-java-transport-zerodep/3.4.0/docker-java-transport-zerodep-3.4.0.jar:/home/sergei/.m2/repository/com/github/docker-java/docker-java-transport/3.4.0/docker-java-transport-3.4.0.jar:/home/sergei/.m2/repository/net/java/dev/jna/jna/5.13.0/jna-5.13.0.jar:/home/sergei/.m2/repository/org/testcontainers/postgresql/1.20.0/postgresql-1.20.0.jar:/home/sergei/.m2/repository/org/testcontainers/jdbc/1.19.8/jdbc-1.19.8.jar:/home/sergei/.m2/repository/org/testcontainers/database-commons/1.19.8/database-commons-1.19.8.jar:/home/sergei/.m2/repository/org/testcontainers/junit-jupiter/1.20.0/junit-jupiter-1.20.0.jar:/home/sergei/.m2/repository/org/testcontainers/r2dbc/1.20.0/r2dbc-1.20.0.jar:"/>
    <property name="java.vm.vendor" value="Eclipse Adoptium"/>
    <property name="sun.arch.data.model" value="64"/>
    <property name="java.vendor.url" value="https://adoptium.net/"/>
    <property name="user.timezone" value="Europe/Moscow"/>
    <property name="org.jboss.logging.provider" value="slf4j"/>
    <property name="os.name" value="Linux"/>
    <property name="java.vm.specification.version" value="21"/>
    <property name="sun.java.launcher" value="SUN_STANDARD"/>
    <property name="user.country" value="US"/>
    <property name="sun.boot.library.path" value="/home/sergei/.sdkman/candidates/java/21.0.4-tem/lib"/>
    <property name="sun.java.command" value="/home/sergei/workspace/embedi/target/surefire/surefirebooter-20240807193939257_3.jar /home/sergei/workspace/embedi/target/surefire 2024-08-07T19-39-39_164-jvmRun1 surefire-20240807193939257_1tmp surefire_0-20240807193939257_2tmp"/>
    <property name="jdk.debug" value="release"/>
    <property name="surefire.test.class.path" value="/home/sergei/workspace/embedi/target/test-classes:/home/sergei/workspace/embedi/target/classes:/home/sergei/.m2/repository/org/springframework/boot/spring-boot-starter-actuator/3.3.1/spring-boot-starter-actuator-3.3.1.jar:/home/sergei/.m2/repository/org/springframework/boot/spring-boot-starter/3.3.1/spring-boot-starter-3.3.1.jar:/home/sergei/.m2/repository/org/springframework/boot/spring-boot/3.3.1/spring-boot-3.3.1.jar:/home/sergei/.m2/repository/org/springframework/boot/spring-boot-starter-logging/3.3.1/spring-boot-starter-logging-3.3.1.jar:/home/sergei/.m2/repository/ch/qos/logback/logback-classic/1.5.6/logback-classic-1.5.6.jar:/home/sergei/.m2/repository/ch/qos/logback/logback-core/1.5.6/logback-core-1.5.6.jar:/home/sergei/.m2/repository/org/apache/logging/log4j/log4j-to-slf4j/2.23.1/log4j-to-slf4j-2.23.1.jar:/home/sergei/.m2/repository/org/apache/logging/log4j/log4j-api/2.23.1/log4j-api-2.23.1.jar:/home/sergei/.m2/repository/org/slf4j/jul-to-slf4j/2.0.13/jul-to-slf4j-2.0.13.jar:/home/sergei/.m2/repository/jakarta/annotation/jakarta.annotation-api/2.1.1/jakarta.annotation-api-2.1.1.jar:/home/sergei/.m2/repository/org/yaml/snakeyaml/2.2/snakeyaml-2.2.jar:/home/sergei/.m2/repository/org/springframework/boot/spring-boot-actuator-autoconfigure/3.3.1/spring-boot-actuator-autoconfigure-3.3.1.jar:/home/sergei/.m2/repository/com/fasterxml/jackson/core/jackson-databind/2.17.1/jackson-databind-2.17.1.jar:/home/sergei/.m2/repository/com/fasterxml/jackson/datatype/jackson-datatype-jsr310/2.17.1/jackson-datatype-jsr310-2.17.1.jar:/home/sergei/.m2/repository/io/micrometer/micrometer-observation/1.13.1/micrometer-observation-1.13.1.jar:/home/sergei/.m2/repository/io/micrometer/micrometer-commons/1.13.1/micrometer-commons-1.13.1.jar:/home/sergei/.m2/repository/io/micrometer/micrometer-jakarta9/1.13.1/micrometer-jakarta9-1.13.1.jar:/home/sergei/.m2/repository/io/micrometer/micrometer-core/1.13.1/micrometer-core-1.13.1.jar:/home/sergei/.m2/repository/org/hdrhistogram/HdrHistogram/2.2.2/HdrHistogram-2.2.2.jar:/home/sergei/.m2/repository/org/latencyutils/LatencyUtils/2.0.3/LatencyUtils-2.0.3.jar:/home/sergei/.m2/repository/org/springframework/boot/spring-boot-starter-data-r2dbc/3.3.1/spring-boot-starter-data-r2dbc-3.3.1.jar:/home/sergei/.m2/repository/org/springframework/data/spring-data-r2dbc/3.3.1/spring-data-r2dbc-3.3.1.jar:/home/sergei/.m2/repository/org/springframework/data/spring-data-relational/3.3.1/spring-data-relational-3.3.1.jar:/home/sergei/.m2/repository/org/springframework/data/spring-data-commons/3.3.1/spring-data-commons-3.3.1.jar:/home/sergei/.m2/repository/org/springframework/spring-tx/6.1.10/spring-tx-6.1.10.jar:/home/sergei/.m2/repository/org/springframework/spring-context/6.1.10/spring-context-6.1.10.jar:/home/sergei/.m2/repository/org/springframework/spring-beans/6.1.10/spring-beans-6.1.10.jar:/home/sergei/.m2/repository/org/springframework/spring-jdbc/6.1.10/spring-jdbc-6.1.10.jar:/home/sergei/.m2/repository/org/springframework/spring-r2dbc/6.1.10/spring-r2dbc-6.1.10.jar:/home/sergei/.m2/repository/io/r2dbc/r2dbc-spi/1.0.0.RELEASE/r2dbc-spi-1.0.0.RELEASE.jar:/home/sergei/.m2/repository/org/reactivestreams/reactive-streams/1.0.4/reactive-streams-1.0.4.jar:/home/sergei/.m2/repository/io/r2dbc/r2dbc-pool/1.0.1.RELEASE/r2dbc-pool-1.0.1.RELEASE.jar:/home/sergei/.m2/repository/io/projectreactor/addons/reactor-pool/1.0.6/reactor-pool-1.0.6.jar:/home/sergei/.m2/repository/org/springframework/boot/spring-boot-starter-oauth2-client/3.3.1/spring-boot-starter-oauth2-client-3.3.1.jar:/home/sergei/.m2/repository/org/springframework/security/spring-security-config/6.3.1/spring-security-config-6.3.1.jar:/home/sergei/.m2/repository/org/springframework/security/spring-security-core/6.3.1/spring-security-core-6.3.1.jar:/home/sergei/.m2/repository/org/springframework/security/spring-security-crypto/6.3.1/spring-security-crypto-6.3.1.jar:/home/sergei/.m2/repository/org/springframework/spring-expression/6.1.10/spring-expression-6.1.10.jar:/home/sergei/.m2/repository/org/springframework/security/spring-security-oauth2-client/6.3.1/spring-security-oauth2-client-6.3.1.jar:/home/sergei/.m2/repository/org/springframework/security/spring-security-oauth2-core/6.3.1/spring-security-oauth2-core-6.3.1.jar:/home/sergei/.m2/repository/com/nimbusds/oauth2-oidc-sdk/9.43.4/oauth2-oidc-sdk-9.43.4.jar:/home/sergei/.m2/repository/com/github/stephenc/jcip/jcip-annotations/1.0-1/jcip-annotations-1.0-1.jar:/home/sergei/.m2/repository/com/nimbusds/content-type/2.2/content-type-2.2.jar:/home/sergei/.m2/repository/com/nimbusds/lang-tag/1.7/lang-tag-1.7.jar:/home/sergei/.m2/repository/org/springframework/security/spring-security-oauth2-jose/6.3.1/spring-security-oauth2-jose-6.3.1.jar:/home/sergei/.m2/repository/com/nimbusds/nimbus-jose-jwt/9.37.3/nimbus-jose-jwt-9.37.3.jar:/home/sergei/.m2/repository/org/springframework/boot/spring-boot-starter-oauth2-resource-server/3.3.1/spring-boot-starter-oauth2-resource-server-3.3.1.jar:/home/sergei/.m2/repository/org/springframework/security/spring-security-oauth2-resource-server/6.3.1/spring-security-oauth2-resource-server-6.3.1.jar:/home/sergei/.m2/repository/org/springframework/boot/spring-boot-starter-security/3.3.1/spring-boot-starter-security-3.3.1.jar:/home/sergei/.m2/repository/org/springframework/spring-aop/6.1.10/spring-aop-6.1.10.jar:/home/sergei/.m2/repository/org/springframework/security/spring-security-web/6.3.1/spring-security-web-6.3.1.jar:/home/sergei/.m2/repository/org/springframework/boot/spring-boot-starter-webflux/3.3.1/spring-boot-starter-webflux-3.3.1.jar:/home/sergei/.m2/repository/org/springframework/boot/spring-boot-starter-json/3.3.1/spring-boot-starter-json-3.3.1.jar:/home/sergei/.m2/repository/com/fasterxml/jackson/datatype/jackson-datatype-jdk8/2.17.1/jackson-datatype-jdk8-2.17.1.jar:/home/sergei/.m2/repository/com/fasterxml/jackson/module/jackson-module-parameter-names/2.17.1/jackson-module-parameter-names-2.17.1.jar:/home/sergei/.m2/repository/org/springframework/boot/spring-boot-starter-reactor-netty/3.3.1/spring-boot-starter-reactor-netty-3.3.1.jar:/home/sergei/.m2/repository/io/projectreactor/netty/reactor-netty-http/1.1.20/reactor-netty-http-1.1.20.jar:/home/sergei/.m2/repository/io/netty/netty-codec-http/4.1.111.Final/netty-codec-http-4.1.111.Final.jar:/home/sergei/.m2/repository/io/netty/netty-codec-http2/4.1.111.Final/netty-codec-http2-4.1.111.Final.jar:/home/sergei/.m2/repository/org/springframework/spring-web/6.1.10/spring-web-6.1.10.jar:/home/sergei/.m2/repository/org/springframework/spring-webflux/6.1.10/spring-webflux-6.1.10.jar:/home/sergei/.m2/repository/org/springframework/modulith/spring-modulith-starter-core/1.2.1/spring-modulith-starter-core-1.2.1.jar:/home/sergei/.m2/repository/org/springframework/modulith/spring-modulith-api/1.2.1/spring-modulith-api-1.2.1.jar:/home/sergei/.m2/repository/org/springframework/modulith/spring-modulith-core/1.2.1/spring-modulith-core-1.2.1.jar:/home/sergei/.m2/repository/com/tngtech/archunit/archunit/1.3.0/archunit-1.3.0.jar:/home/sergei/.m2/repository/org/springframework/modulith/spring-modulith-moments/1.2.1/spring-modulith-moments-1.2.1.jar:/home/sergei/.m2/repository/org/jmolecules/jmolecules-events/1.9.0/jmolecules-events-1.9.0.jar:/home/sergei/.m2/repository/org/springdoc/springdoc-openapi-starter-webflux-api/2.6.0/springdoc-openapi-starter-webflux-api-2.6.0.jar:/home/sergei/.m2/repository/org/springdoc/springdoc-openapi-starter-common/2.6.0/springdoc-openapi-starter-common-2.6.0.jar:/home/sergei/.m2/repository/io/swagger/core/v3/swagger-core-jakarta/2.2.22/swagger-core-jakarta-2.2.22.jar:/home/sergei/.m2/repository/org/apache/commons/commons-lang3/3.14.0/commons-lang3-3.14.0.jar:/home/sergei/.m2/repository/io/swagger/core/v3/swagger-annotations-jakarta/2.2.22/swagger-annotations-jakarta-2.2.22.jar:/home/sergei/.m2/repository/io/swagger/core/v3/swagger-models-jakarta/2.2.22/swagger-models-jakarta-2.2.22.jar:/home/sergei/.m2/repository/com/fasterxml/jackson/dataformat/jackson-dataformat-yaml/2.17.1/jackson-dataformat-yaml-2.17.1.jar:/home/sergei/.m2/repository/org/springdoc/springdoc-openapi-starter-webflux-ui/2.6.0/springdoc-openapi-starter-webflux-ui-2.6.0.jar:/home/sergei/.m2/repository/org/webjars/swagger-ui/5.17.14/swagger-ui-5.17.14.jar:/home/sergei/.m2/repository/org/springframework/boot/spring-boot-starter-validation/3.3.1/spring-boot-starter-validation-3.3.1.jar:/home/sergei/.m2/repository/org/apache/tomcat/embed/tomcat-embed-el/10.1.25/tomcat-embed-el-10.1.25.jar:/home/sergei/.m2/repository/org/hibernate/validator/hibernate-validator/8.0.1.Final/hibernate-validator-8.0.1.Final.jar:/home/sergei/.m2/repository/jakarta/validation/jakarta.validation-api/3.0.2/jakarta.validation-api-3.0.2.jar:/home/sergei/.m2/repository/org/jboss/logging/jboss-logging/3.5.3.Final/jboss-logging-3.5.3.Final.jar:/home/sergei/.m2/repository/com/fasterxml/classmate/1.7.0/classmate-1.7.0.jar:/home/sergei/.m2/repository/org/flywaydb/flyway-core/10.16.0/flyway-core-10.16.0.jar:/home/sergei/.m2/repository/com/fasterxml/jackson/dataformat/jackson-dataformat-toml/2.17.1/jackson-dataformat-toml-2.17.1.jar:/home/sergei/.m2/repository/com/fasterxml/jackson/core/jackson-core/2.17.1/jackson-core-2.17.1.jar:/home/sergei/.m2/repository/com/google/code/gson/gson/2.10.1/gson-2.10.1.jar:/home/sergei/.m2/repository/org/flywaydb/flyway-database-postgresql/10.8.1/flyway-database-postgresql-10.8.1.jar:/home/sergei/.m2/repository/org/postgresql/postgresql/42.7.3/postgresql-42.7.3.jar:/home/sergei/.m2/repository/org/checkerframework/checker-qual/3.42.0/checker-qual-3.42.0.jar:/home/sergei/.m2/repository/org/postgresql/r2dbc-postgresql/1.0.5.RELEASE/r2dbc-postgresql-1.0.5.RELEASE.jar:/home/sergei/.m2/repository/com/ongres/scram/client/2.1/client-2.1.jar:/home/sergei/.m2/repository/com/ongres/scram/common/2.1/common-2.1.jar:/home/sergei/.m2/repository/com/ongres/stringprep/saslprep/1.1/saslprep-1.1.jar:/home/sergei/.m2/repository/com/ongres/stringprep/stringprep/1.1/stringprep-1.1.jar:/home/sergei/.m2/repository/io/projectreactor/reactor-core/3.6.7/reactor-core-3.6.7.jar:/home/sergei/.m2/repository/io/projectreactor/netty/reactor-netty-core/1.1.20/reactor-netty-core-1.1.20.jar:/home/sergei/.m2/repository/io/netty/netty-handler/4.1.111.Final/netty-handler-4.1.111.Final.jar:/home/sergei/.m2/repository/io/netty/netty-common/4.1.111.Final/netty-common-4.1.111.Final.jar:/home/sergei/.m2/repository/io/netty/netty-resolver/4.1.111.Final/netty-resolver-4.1.111.Final.jar:/home/sergei/.m2/repository/io/netty/netty-buffer/4.1.111.Final/netty-buffer-4.1.111.Final.jar:/home/sergei/.m2/repository/io/netty/netty-transport/4.1.111.Final/netty-transport-4.1.111.Final.jar:/home/sergei/.m2/repository/io/netty/netty-transport-native-unix-common/4.1.111.Final/netty-transport-native-unix-common-4.1.111.Final.jar:/home/sergei/.m2/repository/io/netty/netty-codec/4.1.111.Final/netty-codec-4.1.111.Final.jar:/home/sergei/.m2/repository/io/netty/netty-handler-proxy/4.1.111.Final/netty-handler-proxy-4.1.111.Final.jar:/home/sergei/.m2/repository/io/netty/netty-codec-socks/4.1.111.Final/netty-codec-socks-4.1.111.Final.jar:/home/sergei/.m2/repository/io/netty/netty-resolver-dns/4.1.111.Final/netty-resolver-dns-4.1.111.Final.jar:/home/sergei/.m2/repository/io/netty/netty-codec-dns/4.1.111.Final/netty-codec-dns-4.1.111.Final.jar:/home/sergei/.m2/repository/io/netty/netty-resolver-dns-native-macos/4.1.111.Final/netty-resolver-dns-native-macos-4.1.111.Final-osx-x86_64.jar:/home/sergei/.m2/repository/io/netty/netty-resolver-dns-classes-macos/4.1.111.Final/netty-resolver-dns-classes-macos-4.1.111.Final.jar:/home/sergei/.m2/repository/io/netty/netty-transport-native-epoll/4.1.111.Final/netty-transport-native-epoll-4.1.111.Final-linux-x86_64.jar:/home/sergei/.m2/repository/io/netty/netty-transport-classes-epoll/4.1.111.Final/netty-transport-classes-epoll-4.1.111.Final.jar:/home/sergei/.m2/repository/org/springframework/modulith/spring-modulith-actuator/1.2.1/spring-modulith-actuator-1.2.1.jar:/home/sergei/.m2/repository/org/springframework/modulith/spring-modulith-runtime/1.2.1/spring-modulith-runtime-1.2.1.jar:/home/sergei/.m2/repository/org/jgrapht/jgrapht-core/1.4.0/jgrapht-core-1.4.0.jar:/home/sergei/.m2/repository/org/jheaps/jheaps/0.11/jheaps-0.11.jar:/home/sergei/.m2/repository/org/springframework/boot/spring-boot-actuator/3.3.1/spring-boot-actuator-3.3.1.jar:/home/sergei/.m2/repository/org/springframework/boot/spring-boot-autoconfigure/3.3.1/spring-boot-autoconfigure-3.3.1.jar:/home/sergei/.m2/repository/org/springframework/modulith/spring-modulith-observability/1.2.1/spring-modulith-observability-1.2.1.jar:/home/sergei/.m2/repository/io/micrometer/micrometer-tracing/1.3.1/micrometer-tracing-1.3.1.jar:/home/sergei/.m2/repository/io/micrometer/context-propagation/1.1.1/context-propagation-1.1.1.jar:/home/sergei/.m2/repository/aopalliance/aopalliance/1.0/aopalliance-1.0.jar:/home/sergei/.m2/repository/org/springframework/boot/spring-boot-starter-test/3.3.1/spring-boot-starter-test-3.3.1.jar:/home/sergei/.m2/repository/org/springframework/boot/spring-boot-test/3.3.1/spring-boot-test-3.3.1.jar:/home/sergei/.m2/repository/org/springframework/boot/spring-boot-test-autoconfigure/3.3.1/spring-boot-test-autoconfigure-3.3.1.jar:/home/sergei/.m2/repository/com/jayway/jsonpath/json-path/2.9.0/json-path-2.9.0.jar:/home/sergei/.m2/repository/jakarta/xml/bind/jakarta.xml.bind-api/4.0.2/jakarta.xml.bind-api-4.0.2.jar:/home/sergei/.m2/repository/jakarta/activation/jakarta.activation-api/2.1.3/jakarta.activation-api-2.1.3.jar:/home/sergei/.m2/repository/net/minidev/json-smart/2.5.1/json-smart-2.5.1.jar:/home/sergei/.m2/repository/net/minidev/accessors-smart/2.5.1/accessors-smart-2.5.1.jar:/home/sergei/.m2/repository/org/ow2/asm/asm/9.6/asm-9.6.jar:/home/sergei/.m2/repository/org/assertj/assertj-core/3.25.3/assertj-core-3.25.3.jar:/home/sergei/.m2/repository/net/bytebuddy/byte-buddy/1.14.17/byte-buddy-1.14.17.jar:/home/sergei/.m2/repository/org/awaitility/awaitility/4.2.1/awaitility-4.2.1.jar:/home/sergei/.m2/repository/org/hamcrest/hamcrest/2.2/hamcrest-2.2.jar:/home/sergei/.m2/repository/org/junit/jupiter/junit-jupiter/5.10.2/junit-jupiter-5.10.2.jar:/home/sergei/.m2/repository/org/junit/jupiter/junit-jupiter-api/5.10.2/junit-jupiter-api-5.10.2.jar:/home/sergei/.m2/repository/org/opentest4j/opentest4j/1.3.0/opentest4j-1.3.0.jar:/home/sergei/.m2/repository/org/junit/platform/junit-platform-commons/1.10.2/junit-platform-commons-1.10.2.jar:/home/sergei/.m2/repository/org/apiguardian/apiguardian-api/1.1.2/apiguardian-api-1.1.2.jar:/home/sergei/.m2/repository/org/junit/jupiter/junit-jupiter-params/5.10.2/junit-jupiter-params-5.10.2.jar:/home/sergei/.m2/repository/org/junit/jupiter/junit-jupiter-engine/5.10.2/junit-jupiter-engine-5.10.2.jar:/home/sergei/.m2/repository/org/junit/platform/junit-platform-engine/1.10.2/junit-platform-engine-1.10.2.jar:/home/sergei/.m2/repository/org/mockito/mockito-core/5.11.0/mockito-core-5.11.0.jar:/home/sergei/.m2/repository/net/bytebuddy/byte-buddy-agent/1.14.17/byte-buddy-agent-1.14.17.jar:/home/sergei/.m2/repository/org/objenesis/objenesis/3.3/objenesis-3.3.jar:/home/sergei/.m2/repository/org/mockito/mockito-junit-jupiter/5.11.0/mockito-junit-jupiter-5.11.0.jar:/home/sergei/.m2/repository/org/skyscreamer/jsonassert/1.5.1/jsonassert-1.5.1.jar:/home/sergei/.m2/repository/com/vaadin/external/google/android-json/0.0.20131108.vaadin1/android-json-0.0.20131108.vaadin1.jar:/home/sergei/.m2/repository/org/springframework/spring-core/6.1.10/spring-core-6.1.10.jar:/home/sergei/.m2/repository/org/springframework/spring-jcl/6.1.10/spring-jcl-6.1.10.jar:/home/sergei/.m2/repository/org/springframework/spring-test/6.1.10/spring-test-6.1.10.jar:/home/sergei/.m2/repository/org/xmlunit/xmlunit-core/2.9.1/xmlunit-core-2.9.1.jar:/home/sergei/.m2/repository/io/projectreactor/reactor-test/3.6.7/reactor-test-3.6.7.jar:/home/sergei/.m2/repository/org/springframework/modulith/spring-modulith-starter-test/1.2.1/spring-modulith-starter-test-1.2.1.jar:/home/sergei/.m2/repository/org/springframework/modulith/spring-modulith-test/1.2.1/spring-modulith-test-1.2.1.jar:/home/sergei/.m2/repository/org/springframework/modulith/spring-modulith-docs/1.2.1/spring-modulith-docs-1.2.1.jar:/home/sergei/.m2/repository/com/structurizr/structurizr-core/1.29.0/structurizr-core-1.29.0.jar:/home/sergei/.m2/repository/com/google/code/findbugs/jsr305/3.0.2/jsr305-3.0.2.jar:/home/sergei/.m2/repository/commons-logging/commons-logging/1.2/commons-logging-1.2.jar:/home/sergei/.m2/repository/com/structurizr/structurizr-export/1.19.0/structurizr-export-1.19.0.jar:/home/sergei/.m2/repository/org/springframework/security/spring-security-test/6.3.1/spring-security-test-6.3.1.jar:/home/sergei/.m2/repository/org/testcontainers/testcontainers/1.20.0/testcontainers-1.20.0.jar:/home/sergei/.m2/repository/junit/junit/4.13.2/junit-4.13.2.jar:/home/sergei/.m2/repository/org/hamcrest/hamcrest-core/2.2/hamcrest-core-2.2.jar:/home/sergei/.m2/repository/org/slf4j/slf4j-api/2.0.13/slf4j-api-2.0.13.jar:/home/sergei/.m2/repository/org/apache/commons/commons-compress/1.24.0/commons-compress-1.24.0.jar:/home/sergei/.m2/repository/org/rnorth/duct-tape/duct-tape/1.0.8/duct-tape-1.0.8.jar:/home/sergei/.m2/repository/org/jetbrains/annotations/17.0.0/annotations-17.0.0.jar:/home/sergei/.m2/repository/com/github/docker-java/docker-java-api/3.4.0/docker-java-api-3.4.0.jar:/home/sergei/.m2/repository/com/fasterxml/jackson/core/jackson-annotations/2.17.1/jackson-annotations-2.17.1.jar:/home/sergei/.m2/repository/com/github/docker-java/docker-java-transport-zerodep/3.4.0/docker-java-transport-zerodep-3.4.0.jar:/home/sergei/.m2/repository/com/github/docker-java/docker-java-transport/3.4.0/docker-java-transport-3.4.0.jar:/home/sergei/.m2/repository/net/java/dev/jna/jna/5.13.0/jna-5.13.0.jar:/home/sergei/.m2/repository/org/testcontainers/postgresql/1.20.0/postgresql-1.20.0.jar:/home/sergei/.m2/repository/org/testcontainers/jdbc/1.19.8/jdbc-1.19.8.jar:/home/sergei/.m2/repository/org/testcontainers/database-commons/1.19.8/database-commons-1.19.8.jar:/home/sergei/.m2/repository/org/testcontainers/junit-jupiter/1.20.0/junit-jupiter-1.20.0.jar:/home/sergei/.m2/repository/org/testcontainers/r2dbc/1.20.0/r2dbc-1.20.0.jar:"/>
    <property name="sun.cpu.endian" value="little"/>
    <property name="user.home" value="/home/sergei"/>
    <property name="user.language" value="en"/>
    <property name="java.specification.vendor" value="Oracle Corporation"/>
    <property name="java.version.date" value="2024-07-16"/>
    <property name="java.home" value="/home/sergei/.sdkman/candidates/java/21.0.4-tem"/>
    <property name="file.separator" value="/"/>
    <property name="basedir" value="/home/sergei/workspace/embedi"/>
    <property name="java.vm.compressedOopsMode" value="Zero based"/>
    <property name="line.separator" value="&#10;"/>
    <property name="java.specification.name" value="Java Platform API Specification"/>
    <property name="java.vm.specification.vendor" value="Oracle Corporation"/>
    <property name="FILE_LOG_CHARSET" value="UTF-8"/>
    <property name="java.awt.headless" value="true"/>
    <property name="surefire.real.class.path" value="/home/sergei/workspace/embedi/target/surefire/surefirebooter-20240807193939257_3.jar"/>
    <property name="polyglot.engine.WarnInterpreterOnly" value="false"/>
    <property name="sun.management.compiler" value="HotSpot 64-Bit Tiered Compilers"/>
    <property name="java.runtime.version" value="21.0.4+7-LTS"/>
    <property name="LOG_CORRELATION_PATTERN" value="%correlationId"/>
    <property name="user.name" value="sergei"/>
    <property name="stdout.encoding" value="UTF-8"/>
    <property name="path.separator" value=":"/>
    <property name="os.version" value="6.8.0-39-generic"/>
    <property name="java.runtime.name" value="OpenJDK Runtime Environment"/>
    <property name="file.encoding" value="UTF-8"/>
    <property name="java.vm.name" value="OpenJDK 64-Bit Server VM"/>
    <property name="java.vendor.version" value="Temurin-21.0.4+7"/>
    <property name="localRepository" value="/home/sergei/.m2/repository"/>
    <property name="java.vendor.url.bug" value="https://github.com/adoptium/adoptium-support/issues"/>
    <property name="java.io.tmpdir" value="/tmp"/>
    <property name="java.version" value="21.0.4"/>
    <property name="user.dir" value="/home/sergei/workspace/embedi"/>
    <property name="os.arch" value="amd64"/>
    <property name="java.vm.specification.name" value="Java Virtual Machine Specification"/>
    <property name="PID" value="7275"/>
    <property name="CONSOLE_LOG_CHARSET" value="UTF-8"/>
    <property name="native.encoding" value="UTF-8"/>
    <property name="java.library.path" value="/usr/java/packages/lib:/usr/lib64:/lib64:/lib:/usr/lib"/>
    <property name="java.vm.info" value="mixed mode, sharing"/>
    <property name="stderr.encoding" value="UTF-8"/>
    <property name="java.vendor" value="Eclipse Adoptium"/>
    <property name="java.vm.version" value="21.0.4+7-LTS"/>
    <property name="sun.io.unicode.encoding" value="UnicodeLittle"/>
    <property name="java.class.version" value="65.0"/>
    <property name="CONSOLE_LOG_PATTERN" value="%d{HH:mm:ss.SSS} [%thread] %-5level %logger{36} - %msg%n"/>
    <property name="LOGGED_APPLICATION_NAME" value="[embedi] "/>
  </properties>
  <testcase name="checkClasspathFiles" classname="ru.alfastrah.embedi.tick.dao.repos.ClasspathTest" time="0.002">
    <system-out><![CDATA[Classpath entry: /home/sergei/workspace/embedi/target/classes/db_schema/migrations
   - V1_1_0__initial.sql
   - V1_2_0__contacts.sql
]]></system-out>
  </testcase>
</testsuite>